<?xml version="1.0" encoding="UTF-8"?>
<testng-results skipped="0" failed="0" total="5" passed="5">
  <reporter-output>
  </reporter-output>
  <suite name="Default suite" duration-ms="14191" started-at="2022-03-21T10:24:36Z" finished-at="2022-03-21T10:24:50Z">
    <groups>
    </groups>
    <test name="Default test" duration-ms="14191" started-at="2022-03-21T10:24:36Z" finished-at="2022-03-21T10:24:50Z">
      <class name="sanat.bhardwaj.ibmprojecttest1">
        <test-method status="PASS" signature="createUser(org.testng.ITestContext)[pri:0, instance:sanat.bhardwaj.ibmprojecttest1@4cdbe50f]" name="createUser" duration-ms="7167" started-at="2022-03-21T15:54:36Z" finished-at="2022-03-21T15:54:43Z">
          <params>
            <param index="0">
              <value>
                <![CDATA[org.testng.TestRunner@1e67b872]]>
              </value>
            </param>
          </params>
          <reporter-output>
          </reporter-output>
        </test-method> <!-- createUser -->
        <test-method status="PASS" signature="login()[pri:0, instance:sanat.bhardwaj.ibmprojecttest1@4cdbe50f]" name="login" duration-ms="1952" started-at="2022-03-21T15:54:43Z" depends-on-methods="sanat.bhardwaj.ibmprojecttest1.createUser" finished-at="2022-03-21T15:54:45Z">
          <reporter-output>
          </reporter-output>
        </test-method> <!-- login -->
        <test-method status="PASS" signature="edit(org.testng.ITestContext)[pri:0, instance:sanat.bhardwaj.ibmprojecttest1@4cdbe50f]" name="edit" duration-ms="1751" started-at="2022-03-21T15:54:45Z" depends-on-methods="sanat.bhardwaj.ibmprojecttest1.login" finished-at="2022-03-21T15:54:47Z">
          <params>
            <param index="0">
              <value>
                <![CDATA[org.testng.TestRunner@1e67b872]]>
              </value>
            </param>
          </params>
          <reporter-output>
          </reporter-output>
        </test-method> <!-- edit -->
        <test-method status="PASS" signature="logout()[pri:0, instance:sanat.bhardwaj.ibmprojecttest1@4cdbe50f]" name="logout" duration-ms="1625" started-at="2022-03-21T15:54:47Z" depends-on-methods="sanat.bhardwaj.ibmprojecttest1.edit" finished-at="2022-03-21T15:54:48Z">
          <reporter-output>
          </reporter-output>
        </test-method> <!-- logout -->
        <test-method status="PASS" signature="delete(org.testng.ITestContext)[pri:0, instance:sanat.bhardwaj.ibmprojecttest1@4cdbe50f]" name="delete" duration-ms="1644" started-at="2022-03-21T15:54:48Z" depends-on-methods="sanat.bhardwaj.ibmprojecttest1.logout" finished-at="2022-03-21T15:54:50Z">
          <params>
            <param index="0">
              <value>
                <![CDATA[org.testng.TestRunner@1e67b872]]>
              </value>
            </param>
          </params>
          <reporter-output>
          </reporter-output>
        </test-method> <!-- delete -->
      </class> <!-- sanat.bhardwaj.ibmprojecttest1 -->
    </test> <!-- Default test -->
  </suite> <!-- Default suite -->
</testng-results>
